<?xml version="1.0" encoding="UTF-8"?>
<testng-results ignored="0" total="1" passed="1" failed="0" skipped="0">
  <reporter-output>
  </reporter-output>
  <suite started-at="2021-08-03T15:34:21 IST" name="Default suite" finished-at="2021-08-03T15:34:21 IST" duration-ms="40">
    <groups>
    </groups>
    <test started-at="2021-08-03T15:34:21 IST" name="Default test" finished-at="2021-08-03T15:34:21 IST" duration-ms="40">
      <class name="demo1.ParaMetersTest">
        <test-method signature="params()[pri:0, instance:demo1.ParaMetersTest@10959ece]" started-at="2021-08-03T15:34:21 IST" name="params" finished-at="2021-08-03T15:34:21 IST" duration-ms="7" status="PASS">
          <reporter-output>
          </reporter-output>
        </test-method> <!-- params -->
      </class> <!-- demo1.ParaMetersTest -->
    </test> <!-- Default test -->
  </suite> <!-- Default suite -->
</testng-results>
